<?xml version="1.0" encoding="UTF-8"?>
<!-- Generated by org.testng.reporters.JUnitXMLReporter -->
<testsuite ignored="3" hostname="DESKTOP-P5OMGMR" failures="0" tests="1" name="TDDAppiumFramWorkPOM" time="0.055" errors="0" timestamp="2023-09-05T15:20:09 EET">
  <testcase classname="com.qa.BaseTest" name="@BeforeTest beforeTest" time="-1.693920009227E9">
    <failure type="org.testng.TestNGException" message="
Parameter &amp;apos;emulator&amp;apos; is required by BeforeTest on method beforeTest but has not been marked @Optional or defined
in C:\Users\Khaled Mohsen\AppData\Local\JetBrains\IdeaIC2023.2\temp-testng-customsuite.xml">
      <![CDATA[org.testng.TestNGException: 
Parameter 'emulator' is required by BeforeTest on method beforeTest but has not been marked @Optional or defined
in C:\Users\Khaled Mohsen\AppData\Local\JetBrains\IdeaIC2023.2\temp-testng-customsuite.xml
at com.intellij.rt.testng.IDEARemoteTestNG.run(IDEARemoteTestNG.java:66)
at com.intellij.rt.testng.RemoteTestNGStarter.main(RemoteTestNGStarter.java:105)
... Removed 18 stack frames]]>
    </failure>
  </testcase> <!-- @BeforeTest beforeTest -->
  <testcase classname="com.qa.tests.LoginTests" name="@BeforeClass beforeClassFunction" time="0.0">
    <skipped/>
  </testcase> <!-- @BeforeClass beforeClassFunction -->
  <testcase classname="com.qa.tests.LoginTests" name="@BeforeMethod beforeMethodFunction" time="0.0">
    <skipped/>
  </testcase> <!-- @BeforeMethod beforeMethodFunction -->
  <testcase classname="com.qa.tests.LoginTests" name="@AfterClass afterClassFunction" time="0.0">
    <skipped/>
  </testcase> <!-- @AfterClass afterClassFunction -->
  <testcase classname="com.qa.BaseTest" name="@AfterTest afterTest" time="0.0">
    <skipped/>
  </testcase> <!-- @AfterTest afterTest -->
  <testcase classname="com.qa.tests.LoginTests" name="invalidUserName" time="0.0">
    <skipped/>
  </testcase> <!-- invalidUserName -->
  <testcase classname="com.qa.tests.LoginTests" name="invalidPass" time="0.0">
    <ignored/>
  </testcase> <!-- invalidPass -->
  <testcase classname="com.qa.tests.LoginTests" name="emptyUserName" time="0.0">
    <ignored/>
  </testcase> <!-- emptyUserName -->
  <testcase classname="com.qa.tests.LoginTests" name="successfullyLogin" time="0.0">
    <ignored/>
  </testcase> <!-- successfullyLogin -->
</testsuite> <!-- TDDAppiumFramWorkPOM -->
